app/build/intermediates/manifest_merge_blame_file/release/processReleaseMainManifest/manifest-merger-blame-release-report.txt
1<?xml version="1.0" encoding="utf-8"?>
2<!--
3    Copyright 2019 Google Inc. All Rights Reserved.
4
5     Licensed under the Apache License, Version 2.0 (the "License");
6     you may not use this file except in compliance with the License.
7     You may obtain a copy of the License at
8
9         http://www.apache.org/licenses/LICENSE-2.0
10
11     Unless required by applicable law or agreed to in writing, software
12     distributed under the License is distributed on an "AS IS" BASIS,
13     WITHOUT WARRANTIES OR CONDITIONS OF ANY KIND, either express or implied.
14     See the License for the specific language governing permissions and
15     limitations under the License.
16-->
17<!--
18 The "package" attribute is rewritten by the Gradle build with the value of applicationId.
19     It is still required here, as it is used to derive paths, for instance when referring
20     to an Activity by ".MyActivity" instead of the full name. If more Activities are added to the
21     application, the package attribute will need to reflect the correct path in order to use
22     the abbreviated format.
23-->
24<manifest xmlns:android="http://schemas.android.com/apk/res/android"
25    package="app.netlify.digital_knight_v2.twa"
26    android:versionCode="1"
27    android:versionName="1.0.0" >
28
29    <uses-sdk
30        android:minSdkVersion="21"
31        android:targetSdkVersion="35" />
32
33    <uses-permission android:name="android.permission.POST_NOTIFICATIONS" />
33-->src\main\AndroidManifest.xml:26:9-80
33-->src\main\AndroidManifest.xml:26:26-78
34
35    <queries>
35-->[com.google.androidbrowserhelper:androidbrowserhelper:2.6.1] AndroidManifest.xml:22:5-30:15
36        <intent>
36-->[com.google.androidbrowserhelper:androidbrowserhelper:2.6.1] AndroidManifest.xml:23:9-29:18
37            <action android:name="android.intent.action.VIEW" />
37-->src\main\AndroidManifest.xml:141:17-68
37-->src\main\AndroidManifest.xml:141:25-66
38
39            <category android:name="android.intent.category.BROWSABLE" />
39-->src\main\AndroidManifest.xml:143:17-77
39-->src\main\AndroidManifest.xml:143:27-75
40
41            <data android:scheme="https" />
41-->src\main\AndroidManifest.xml:144:17-147:19
41-->src\main\AndroidManifest.xml:144:23-45
42        </intent>
43    </queries>
44
45    <permission
45-->[androidx.core:core:1.13.0] AndroidManifest.xml:22:5-24:47
46        android:name="app.netlify.digital_knight_v2.twa.DYNAMIC_RECEIVER_NOT_EXPORTED_PERMISSION"
46-->[androidx.core:core:1.13.0] AndroidManifest.xml:23:9-81
47        android:protectionLevel="signature" />
47-->[androidx.core:core:1.13.0] AndroidManifest.xml:24:9-44
48
49    <uses-permission android:name="app.netlify.digital_knight_v2.twa.DYNAMIC_RECEIVER_NOT_EXPORTED_PERMISSION" />
49-->[androidx.core:core:1.13.0] AndroidManifest.xml:26:5-97
49-->[androidx.core:core:1.13.0] AndroidManifest.xml:26:22-94
50
51    <application
51-->src\main\AndroidManifest.xml:35:5-177:19
52        android:name="app.netlify.digital_knight_v2.twa.Application"
52-->src\main\AndroidManifest.xml:36:9-35
53        android:allowBackup="true"
53-->src\main\AndroidManifest.xml:37:9-35
54        android:appComponentFactory="androidx.core.app.CoreComponentFactory"
54-->[androidx.core:core:1.13.0] AndroidManifest.xml:28:18-86
55        android:extractNativeLibs="true"
56        android:icon="@mipmap/ic_launcher"
56-->src\main\AndroidManifest.xml:38:9-43
57        android:label="@string/appName"
57-->src\main\AndroidManifest.xml:39:9-40
58        android:manageSpaceActivity="com.google.androidbrowserhelper.trusted.ManageDataLauncherActivity"
58-->src\main\AndroidManifest.xml:41:9-105
59        android:supportsRtl="true"
59-->src\main\AndroidManifest.xml:43:9-35
60        android:theme="@android:style/Theme.NoTitleBar.Fullscreen" >
60-->src\main\AndroidManifest.xml:44:9-67
61        <meta-data
61-->src\main\AndroidManifest.xml:46:9-48:58
62            android:name="asset_statements"
62-->src\main\AndroidManifest.xml:47:13-44
63            android:resource="@string/assetStatements" />
63-->src\main\AndroidManifest.xml:48:13-55
64        <meta-data
64-->src\main\AndroidManifest.xml:51:13-53:58
65            android:name="web_manifest_url"
65-->src\main\AndroidManifest.xml:52:17-48
66            android:value="@string/webManifestUrl" />
66-->src\main\AndroidManifest.xml:53:17-55
67        <meta-data
67-->src\main\AndroidManifest.xml:56:9-58:52
68            android:name="twa_generator"
68-->src\main\AndroidManifest.xml:57:13-41
69            android:value="@string/generatorApp" />
69-->src\main\AndroidManifest.xml:58:13-49
70
71        <activity android:name="com.google.androidbrowserhelper.trusted.ManageDataLauncherActivity" >
71-->src\main\AndroidManifest.xml:65:13-69:24
71-->src\main\AndroidManifest.xml:65:23-104
72            <meta-data
72-->src\main\AndroidManifest.xml:66:13-68:53
73                android:name="android.support.customtabs.trusted.MANAGE_SPACE_URL"
73-->src\main\AndroidManifest.xml:67:17-83
74                android:value="@string/launchUrl" />
74-->src\main\AndroidManifest.xml:68:17-50
75        </activity>
76        <activity
76-->src\main\AndroidManifest.xml:72:9-153:20
77            android:name="app.netlify.digital_knight_v2.twa.LauncherActivity"
77-->src\main\AndroidManifest.xml:72:19-50
78            android:alwaysRetainTaskState="true"
78-->src\main\AndroidManifest.xml:73:13-49
79            android:exported="true"
79-->src\main\AndroidManifest.xml:75:13-36
80            android:label="@string/appName" >
80-->src\main\AndroidManifest.xml:74:13-44
81            <meta-data
81-->src\main\AndroidManifest.xml:76:13-77:53
82                android:name="android.support.customtabs.trusted.DEFAULT_URL"
82-->src\main\AndroidManifest.xml:76:24-85
83                android:value="@string/launchUrl" />
83-->src\main\AndroidManifest.xml:77:17-50
84            <meta-data
84-->src\main\AndroidManifest.xml:79:13-81:58
85                android:name="android.support.customtabs.trusted.STATUS_BAR_COLOR"
85-->src\main\AndroidManifest.xml:80:17-83
86                android:resource="@color/colorPrimary" />
86-->src\main\AndroidManifest.xml:81:17-55
87            <meta-data
87-->src\main\AndroidManifest.xml:85:13-87:62
88                android:name="android.support.customtabs.trusted.STATUS_BAR_COLOR_DARK"
88-->src\main\AndroidManifest.xml:86:17-88
89                android:resource="@color/colorPrimaryDark" />
89-->src\main\AndroidManifest.xml:87:17-59
90            <meta-data
90-->src\main\AndroidManifest.xml:89:13-91:61
91                android:name="android.support.customtabs.trusted.NAVIGATION_BAR_COLOR"
91-->src\main\AndroidManifest.xml:90:17-87
92                android:resource="@color/navigationColor" />
92-->src\main\AndroidManifest.xml:91:17-58
93            <meta-data
93-->src\main\AndroidManifest.xml:93:13-95:65
94                android:name="android.support.customtabs.trusted.NAVIGATION_BAR_COLOR_DARK"
94-->src\main\AndroidManifest.xml:94:17-92
95                android:resource="@color/navigationColorDark" />
95-->src\main\AndroidManifest.xml:95:17-62
96            <meta-data
96-->src\main\AndroidManifest.xml:97:13-99:68
97                android:name="androix.browser.trusted.NAVIGATION_BAR_DIVIDER_COLOR"
97-->src\main\AndroidManifest.xml:98:17-84
98                android:resource="@color/navigationDividerColor" />
98-->src\main\AndroidManifest.xml:99:17-65
99            <meta-data
99-->src\main\AndroidManifest.xml:101:13-103:72
100                android:name="androix.browser.trusted.NAVIGATION_BAR_DIVIDER_COLOR_DARK"
100-->src\main\AndroidManifest.xml:102:17-89
101                android:resource="@color/navigationDividerColorDark" />
101-->src\main\AndroidManifest.xml:103:17-69
102            <meta-data
102-->src\main\AndroidManifest.xml:106:13-107:60
103                android:name="android.support.customtabs.trusted.SPLASH_SCREEN_BACKGROUND_COLOR"
103-->src\main\AndroidManifest.xml:106:24-104
104                android:resource="@color/backgroundColor" />
104-->src\main\AndroidManifest.xml:107:17-58
105            <meta-data
105-->src\main\AndroidManifest.xml:109:13-110:71
106                android:name="android.support.customtabs.trusted.SPLASH_SCREEN_FADE_OUT_DURATION"
106-->src\main\AndroidManifest.xml:109:24-105
107                android:value="@integer/splashScreenFadeOutDuration" />
107-->src\main\AndroidManifest.xml:110:17-69
108            <meta-data
108-->src\main\AndroidManifest.xml:112:13-113:60
109                android:name="android.support.customtabs.trusted.FILE_PROVIDER_AUTHORITY"
109-->src\main\AndroidManifest.xml:112:24-97
110                android:value="@string/providerAuthority" />
110-->src\main\AndroidManifest.xml:113:17-58
111            <meta-data
111-->src\main\AndroidManifest.xml:115:13-97
112                android:name="android.app.shortcuts"
112-->src\main\AndroidManifest.xml:115:24-60
113                android:resource="@xml/shortcuts" />
113-->src\main\AndroidManifest.xml:115:61-94
114            <meta-data
114-->src\main\AndroidManifest.xml:117:13-118:56
115                android:name="android.support.customtabs.trusted.FALLBACK_STRATEGY"
115-->src\main\AndroidManifest.xml:117:24-91
116                android:value="@string/fallbackType" />
116-->src\main\AndroidManifest.xml:118:17-53
117            <meta-data
117-->src\main\AndroidManifest.xml:123:13-124:34
118                android:name="android.support.customtabs.trusted.DISPLAY_MODE"
118-->src\main\AndroidManifest.xml:123:24-86
119                android:value="standalone" />
119-->src\main\AndroidManifest.xml:124:5-31
120            <meta-data
120-->src\main\AndroidManifest.xml:128:13-129:54
121                android:name="android.support.customtabs.trusted.SCREEN_ORIENTATION"
121-->src\main\AndroidManifest.xml:128:24-92
122                android:value="@string/orientation" />
122-->src\main\AndroidManifest.xml:129:17-52
123
124            <intent-filter>
124-->src\main\AndroidManifest.xml:135:13-138:29
125                <action android:name="android.intent.action.MAIN" />
125-->src\main\AndroidManifest.xml:136:17-69
125-->src\main\AndroidManifest.xml:136:25-66
126
127                <category android:name="android.intent.category.LAUNCHER" />
127-->src\main\AndroidManifest.xml:137:17-77
127-->src\main\AndroidManifest.xml:137:27-74
128            </intent-filter>
129            <intent-filter android:autoVerify="true" >
129-->src\main\AndroidManifest.xml:140:13-148:29
129-->src\main\AndroidManifest.xml:140:28-53
130                <action android:name="android.intent.action.VIEW" />
130-->src\main\AndroidManifest.xml:141:17-68
130-->src\main\AndroidManifest.xml:141:25-66
131
132                <category android:name="android.intent.category.DEFAULT" />
132-->src\main\AndroidManifest.xml:142:17-76
132-->src\main\AndroidManifest.xml:142:27-73
133                <category android:name="android.intent.category.BROWSABLE" />
133-->src\main\AndroidManifest.xml:143:17-77
133-->src\main\AndroidManifest.xml:143:27-75
134
135                <data
135-->src\main\AndroidManifest.xml:144:17-147:19
136                    android:host="@string/hostName"
136-->src\main\AndroidManifest.xml:145:21-52
137                    android:scheme="https" />
137-->src\main\AndroidManifest.xml:144:23-45
138            </intent-filter>
139        </activity>
140        <activity android:name="com.google.androidbrowserhelper.trusted.FocusActivity" />
140-->src\main\AndroidManifest.xml:155:9-90
140-->src\main\AndroidManifest.xml:155:19-87
141        <activity
141-->src\main\AndroidManifest.xml:157:9-158:62
142            android:name="com.google.androidbrowserhelper.trusted.WebViewFallbackActivity"
142-->src\main\AndroidManifest.xml:157:19-97
143            android:configChanges="orientation|screenSize" />
143-->src\main\AndroidManifest.xml:158:13-59
144
145        <provider
145-->src\main\AndroidManifest.xml:160:9-168:20
146            android:name="androidx.core.content.FileProvider"
146-->src\main\AndroidManifest.xml:161:13-62
147            android:authorities="@string/providerAuthority"
147-->src\main\AndroidManifest.xml:162:13-60
148            android:exported="false"
148-->src\main\AndroidManifest.xml:164:13-37
149            android:grantUriPermissions="true" >
149-->src\main\AndroidManifest.xml:163:13-47
150            <meta-data
150-->src\main\AndroidManifest.xml:165:13-167:53
151                android:name="android.support.FILE_PROVIDER_PATHS"
151-->src\main\AndroidManifest.xml:166:17-67
152                android:resource="@xml/filepaths" />
152-->src\main\AndroidManifest.xml:167:17-50
153        </provider>
154
155        <activity android:name="com.google.androidbrowserhelper.trusted.NotificationPermissionRequestActivity" />
155-->src\main\AndroidManifest.xml:173:13-118
155-->src\main\AndroidManifest.xml:173:23-115
156
157        <provider
157-->[androidx.emoji2:emoji2:1.3.0] AndroidManifest.xml:24:9-32:20
158            android:name="androidx.startup.InitializationProvider"
158-->[androidx.emoji2:emoji2:1.3.0] AndroidManifest.xml:25:13-67
159            android:authorities="app.netlify.digital_knight_v2.twa.androidx-startup"
159-->[androidx.emoji2:emoji2:1.3.0] AndroidManifest.xml:26:13-68
160            android:exported="false" >
160-->[androidx.emoji2:emoji2:1.3.0] AndroidManifest.xml:27:13-37
161            <meta-data
161-->[androidx.emoji2:emoji2:1.3.0] AndroidManifest.xml:29:13-31:52
162                android:name="androidx.emoji2.text.EmojiCompatInitializer"
162-->[androidx.emoji2:emoji2:1.3.0] AndroidManifest.xml:30:17-75
163                android:value="androidx.startup" />
163-->[androidx.emoji2:emoji2:1.3.0] AndroidManifest.xml:31:17-49
164            <meta-data
164-->[androidx.lifecycle:lifecycle-process:2.6.2] AndroidManifest.xml:29:13-31:52
165                android:name="androidx.lifecycle.ProcessLifecycleInitializer"
165-->[androidx.lifecycle:lifecycle-process:2.6.2] AndroidManifest.xml:30:17-78
166                android:value="androidx.startup" />
166-->[androidx.lifecycle:lifecycle-process:2.6.2] AndroidManifest.xml:31:17-49
167            <meta-data
167-->[androidx.profileinstaller:profileinstaller:1.3.1] AndroidManifest.xml:29:13-31:52
168                android:name="androidx.profileinstaller.ProfileInstallerInitializer"
168-->[androidx.profileinstaller:profileinstaller:1.3.1] AndroidManifest.xml:30:17-85
169                android:value="androidx.startup" />
169-->[androidx.profileinstaller:profileinstaller:1.3.1] AndroidManifest.xml:31:17-49
170        </provider>
171
172        <receiver
172-->[androidx.profileinstaller:profileinstaller:1.3.1] AndroidManifest.xml:34:9-52:20
173            android:name="androidx.profileinstaller.ProfileInstallReceiver"
173-->[androidx.profileinstaller:profileinstaller:1.3.1] AndroidManifest.xml:35:13-76
174            android:directBootAware="false"
174-->[androidx.profileinstaller:profileinstaller:1.3.1] AndroidManifest.xml:36:13-44
175            android:enabled="true"
175-->[androidx.profileinstaller:profileinstaller:1.3.1] AndroidManifest.xml:37:13-35
176            android:exported="true"
176-->[androidx.profileinstaller:profileinstaller:1.3.1] AndroidManifest.xml:38:13-36
177            android:permission="android.permission.DUMP" >
177-->[androidx.profileinstaller:profileinstaller:1.3.1] AndroidManifest.xml:39:13-57
178            <intent-filter>
178-->[androidx.profileinstaller:profileinstaller:1.3.1] AndroidManifest.xml:40:13-42:29
179                <action android:name="androidx.profileinstaller.action.INSTALL_PROFILE" />
179-->[androidx.profileinstaller:profileinstaller:1.3.1] AndroidManifest.xml:41:17-91
179-->[androidx.profileinstaller:profileinstaller:1.3.1] AndroidManifest.xml:41:25-88
180            </intent-filter>
181            <intent-filter>
181-->[androidx.profileinstaller:profileinstaller:1.3.1] AndroidManifest.xml:43:13-45:29
182                <action android:name="androidx.profileinstaller.action.SKIP_FILE" />
182-->[androidx.profileinstaller:profileinstaller:1.3.1] AndroidManifest.xml:44:17-85
182-->[androidx.profileinstaller:profileinstaller:1.3.1] AndroidManifest.xml:44:25-82
183            </intent-filter>
184            <intent-filter>
184-->[androidx.profileinstaller:profileinstaller:1.3.1] AndroidManifest.xml:46:13-48:29
185                <action android:name="androidx.profileinstaller.action.SAVE_PROFILE" />
185-->[androidx.profileinstaller:profileinstaller:1.3.1] AndroidManifest.xml:47:17-88
185-->[androidx.profileinstaller:profileinstaller:1.3.1] AndroidManifest.xml:47:25-85
186            </intent-filter>
187            <intent-filter>
187-->[androidx.profileinstaller:profileinstaller:1.3.1] AndroidManifest.xml:49:13-51:29
188                <action android:name="androidx.profileinstaller.action.BENCHMARK_OPERATION" />
188-->[androidx.profileinstaller:profileinstaller:1.3.1] AndroidManifest.xml:50:17-95
188-->[androidx.profileinstaller:profileinstaller:1.3.1] AndroidManifest.xml:50:25-92
189            </intent-filter>
190        </receiver>
191    </application>
192
193</manifest>